<?xml version="1.0" encoding="UTF-8"?>
<!-- Generated by org.testng.reporters.JUnitXMLReporter -->
<testsuite ignored="0" hostname="DESKTOP-5F0Q0QT" failures="0" tests="3" name="TC 03 - blaze-demo " time="8.601" errors="0" timestamp="2021-11-14T11:06:27 IST">
  <testcase classname="com.selenium.keyworddriven.BlazeDemo_Test" name="Blazedemo_flight" time="0.82"/>
  <testcase classname="com.selenium.keyworddriven.BlazeDemo_Test" name="Blazedemo_flight_Info" time="2.318"/>
  <testcase classname="com.selenium.keyworddriven.BlazeDemo_Test" name="Blazedemo_userInfo" time="2.56"/>
</testsuite> <!-- TC 03 - blaze-demo  -->
