<?xml version="1.0" encoding="UTF-8"?>
<!-- Generated by org.testng.reporters.JUnitXMLReporter -->
<testsuite ignored="0" hostname="DESKTOP-5F0Q0QT" failures="0" tests="4" name="TC 02 - calculator" time="17.729" errors="0" timestamp="2021-11-14T11:06:18 IST">
  <testcase classname="com.selenium.keyworddriven.Calculator_Test" name="addOperation" time="4.108"/>
  <testcase classname="com.selenium.keyworddriven.Calculator_Test" name="subOperation" time="3.491"/>
  <testcase classname="com.selenium.keyworddriven.Calculator_Test" name="divOperation" time="3.463"/>
  <testcase classname="com.selenium.keyworddriven.Calculator_Test" name="mulOperation" time="3.467"/>
</testsuite> <!-- TC 02 - calculator -->
