<?xml version="1.0" encoding="UTF-8"?>
<!-- Generated by org.testng.reporters.JUnitXMLReporter -->
<testsuite ignored="0" hostname="DESKTOP-5F0Q0QT" failures="0" tests="2" name="TC 01 - fixed deposit" time="18.245" errors="0" timestamp="2021-11-14T11:06:00 IST">
  <testcase classname="com.selenium.keyworddriven.FixedDeposit_Test" name="FixedDeposit_10000" time="7.397"/>
  <testcase classname="com.selenium.keyworddriven.FixedDeposit_Test" name="FixedDeposit_20000" time="5.981"/>
</testsuite> <!-- TC 01 - fixed deposit -->
